<?xml version="1.0" encoding="UTF-8"?>
<testng-results skipped="0" failed="0" ignored="0" total="1" passed="1">
  <reporter-output>
  </reporter-output>
  <suite name="Suite" duration-ms="9328" started-at="2021-09-11T19:17:24 IST" finished-at="2021-09-11T19:17:33 IST">
    <groups>
    </groups>
    <test name="Test" duration-ms="9328" started-at="2021-09-11T19:17:24 IST" finished-at="2021-09-11T19:17:33 IST">
      <class name="seleniummaven.github.UITest">
        <test-method status="PASS" signature="startBrowser()[pri:0, instance:seleniummaven.github.UITest@73ad2d6]" name="startBrowser" duration-ms="9252" started-at="2021-09-11T19:17:24 IST" finished-at="2021-09-11T19:17:33 IST">
          <reporter-output>
          </reporter-output>
        </test-method> <!-- startBrowser -->
      </class> <!-- seleniummaven.github.UITest -->
    </test> <!-- Test -->
  </suite> <!-- Suite -->
</testng-results>
