<?xml version="1.0" encoding="UTF-8"?>
<testng-results ignored="0" total="1" passed="1" failed="0" skipped="0">
  <reporter-output>
  </reporter-output>
  <suite started-at="2021-09-11T16:01:41 IST" name="Default suite" finished-at="2021-09-11T16:01:55 IST" duration-ms="14155">
    <groups>
    </groups>
    <test started-at="2021-09-11T16:01:41 IST" name="Default test" finished-at="2021-09-11T16:01:55 IST" duration-ms="14155">
      <class name="seleniummaven.github.UITest">
        <test-method signature="startBrowser()[pri:0, instance:seleniummaven.github.UITest@71c3b41]" started-at="2021-09-11T16:01:41 IST" name="startBrowser" finished-at="2021-09-11T16:01:55 IST" duration-ms="14021" status="PASS">
          <reporter-output>
          </reporter-output>
        </test-method> <!-- startBrowser -->
      </class> <!-- seleniummaven.github.UITest -->
    </test> <!-- Default test -->
  </suite> <!-- Default suite -->
</testng-results>
